23:20:02 INFO  : Registering command handlers for SDK TCF services
23:20:03 INFO  : Launching XSCT server: xsct.bat -interactive C:\Xilinx\Vivado\projects\pl2ps_interrupt_example\pl2ps_interrupt_example.sdk\temp_xsdb_launch_script.tcl
23:20:05 INFO  : XSCT server has started successfully.
23:20:05 INFO  : Successfully done setting XSCT server connection channel  
23:20:05 INFO  : Successfully done setting SDK workspace  
23:20:05 INFO  : Processing command line option -hwspec C:/Xilinx/Vivado/projects/pl2ps_interrupt_example/pl2ps_interrupt_example.sdk/design_1_wrapper.hdf.
23:31:42 INFO  : Connected to target on host '127.0.0.1' and port '3121'.
23:31:44 INFO  : 'targets -set -filter {jtag_cable_name =~ "Digilent Zed 210248AA3C5B" && level==0} -index 1' command is executed.
23:31:46 INFO  : FPGA configured successfully with bitstream "C:/Xilinx/Vivado/projects/pl2ps_interrupt_example/pl2ps_interrupt_example.sdk/design_1_wrapper_hw_platform_0/design_1_wrapper.bit"
23:33:07 INFO  : Connected to target on host '127.0.0.1' and port '3121'.
23:33:07 INFO  : 'targets -set -filter {jtag_cable_name =~ "Digilent Zed 210248AA3C5B" && level==0} -index 1' command is executed.
23:33:10 INFO  : FPGA configured successfully with bitstream "C:/Xilinx/Vivado/projects/pl2ps_interrupt_example/pl2ps_interrupt_example.sdk/design_1_wrapper_hw_platform_0/design_1_wrapper.bit"
23:35:18 INFO  : 'targets -set -filter {jtag_cable_name =~ "Digilent Zed 210248AA3C5B" && level==0} -index 1' command is executed.
23:35:18 INFO  : 'fpga -state' command is executed.
23:35:18 INFO  : Connected to target on host '127.0.0.1' and port '3121'.
23:35:18 INFO  : Jtag cable 'Digilent Zed 210248AA3C5B' is selected.
23:35:18 INFO  : 'jtag frequency' command is executed.
23:35:18 INFO  : Sourcing of 'C:/Xilinx/Vivado/projects/pl2ps_interrupt_example/pl2ps_interrupt_example.sdk/design_1_wrapper_hw_platform_0/ps7_init.tcl' is done.
23:35:18 INFO  : Context for 'APU' is selected.
23:35:18 INFO  : Hardware design information is loaded from 'C:/Xilinx/Vivado/projects/pl2ps_interrupt_example/pl2ps_interrupt_example.sdk/design_1_wrapper_hw_platform_0/system.hdf'.
23:35:18 INFO  : 'configparams force-mem-access 1' command is executed.
23:35:19 INFO  : Context for 'APU' is selected.
23:35:19 INFO  : 'stop' command is executed.
23:35:19 INFO  : 'ps7_init' command is executed.
23:35:19 INFO  : 'ps7_post_config' command is executed.
23:35:19 INFO  : Context for processor 'ps7_cortexa9_0' is selected.
23:35:19 INFO  : Processor reset is completed for 'ps7_cortexa9_0'.
23:35:19 INFO  : Context for processor 'ps7_cortexa9_0' is selected.
23:35:19 INFO  : The application 'C:/Xilinx/Vivado/projects/pl2ps_interrupt_example/pl2ps_interrupt_example.sdk/axi4_pl_interrupt_generator_test/Debug/axi4_pl_interrupt_generator_test.elf' is downloaded to processor 'ps7_cortexa9_0'.
23:35:19 INFO  : 'configparams force-mem-access 0' command is executed.
23:35:19 INFO  : ----------------XSDB Script----------------
connect -url tcp:127.0.0.1:3121
source C:/Xilinx/Vivado/projects/pl2ps_interrupt_example/pl2ps_interrupt_example.sdk/design_1_wrapper_hw_platform_0/ps7_init.tcl
targets -set -nocase -filter {name =~"APU*" && jtag_cable_name =~ "Digilent Zed 210248AA3C5B"} -index 0
loadhw -hw C:/Xilinx/Vivado/projects/pl2ps_interrupt_example/pl2ps_interrupt_example.sdk/design_1_wrapper_hw_platform_0/system.hdf -mem-ranges [list {0x40000000 0xbfffffff}]
configparams force-mem-access 1
targets -set -nocase -filter {name =~"APU*" && jtag_cable_name =~ "Digilent Zed 210248AA3C5B"} -index 0
stop
ps7_init
ps7_post_config
targets -set -nocase -filter {name =~ "ARM*#0" && jtag_cable_name =~ "Digilent Zed 210248AA3C5B"} -index 0
rst -processor
targets -set -nocase -filter {name =~ "ARM*#0" && jtag_cable_name =~ "Digilent Zed 210248AA3C5B"} -index 0
dow C:/Xilinx/Vivado/projects/pl2ps_interrupt_example/pl2ps_interrupt_example.sdk/axi4_pl_interrupt_generator_test/Debug/axi4_pl_interrupt_generator_test.elf
configparams force-mem-access 0
----------------End of Script----------------

23:35:19 INFO  : Context for processor 'ps7_cortexa9_0' is selected.
23:35:19 INFO  : 'con' command is executed.
23:35:19 INFO  : ----------------XSDB Script (After Launch)----------------
targets -set -nocase -filter {name =~ "ARM*#0" && jtag_cable_name =~ "Digilent Zed 210248AA3C5B"} -index 0
con
----------------End of Script----------------

23:35:19 INFO  : Disconnected from the channel tcfchan#1.
02:01:06 INFO  : SDK has detected change in the last modified timestamps for source hardware specification file Source:1544522402609,  Project:1544511540637
02:01:06 INFO  : Project design_1_wrapper_hw_platform_0's source hardware specification located at C:/Xilinx/Vivado/projects/pl2ps_interrupt_example/pl2ps_interrupt_example.sdk/design_1_wrapper.hdf is now different from the local copy.
		 The local copy will be replaced with the source specification and your workspace will be updated.
02:01:54 INFO  : Copied contents of C:/Xilinx/Vivado/projects/pl2ps_interrupt_example/pl2ps_interrupt_example.sdk/design_1_wrapper.hdf into \design_1_wrapper_hw_platform_0\system.hdf.
02:01:58 INFO  : Synchronizing projects in the workspace with the hardware platform specification changes.
02:02:00 INFO  : 
02:02:01 INFO  : Updating hardware inferred compiler options for axi4_pl_interrupt_generator_test.
02:02:01 INFO  : Clearing existing target manager status.
02:02:01 INFO  : Closing and re-opening the MSS file of ther project axi4_pl_interrupt_generator_test_bsp
02:02:01 INFO  : Workspace synchronized with the new hardware specification file. Cleaning dependent projects...
02:02:03 WARN  : Linker script will not be updated automatically. Users need to update it manually.
02:04:27 INFO  : Connected to target on host '127.0.0.1' and port '3121'.
02:04:28 INFO  : 'targets -set -filter {jtag_cable_name =~ "Digilent Zed 210248AA3C5B" && level==0} -index 1' command is executed.
02:04:31 INFO  : FPGA configured successfully with bitstream "C:/Xilinx/Vivado/projects/pl2ps_interrupt_example/pl2ps_interrupt_example.sdk/design_1_wrapper_hw_platform_0/design_1_wrapper.bit"
02:04:56 INFO  : 'targets -set -filter {jtag_cable_name =~ "Digilent Zed 210248AA3C5B" && level==0} -index 1' command is executed.
02:04:56 INFO  : 'fpga -state' command is executed.
02:04:56 INFO  : Connected to target on host '127.0.0.1' and port '3121'.
02:04:56 INFO  : Jtag cable 'Digilent Zed 210248AA3C5B' is selected.
02:04:56 INFO  : 'jtag frequency' command is executed.
02:04:56 INFO  : Sourcing of 'C:/Xilinx/Vivado/projects/pl2ps_interrupt_example/pl2ps_interrupt_example.sdk/design_1_wrapper_hw_platform_0/ps7_init.tcl' is done.
02:04:56 INFO  : Context for 'APU' is selected.
02:04:56 INFO  : Hardware design information is loaded from 'C:/Xilinx/Vivado/projects/pl2ps_interrupt_example/pl2ps_interrupt_example.sdk/design_1_wrapper_hw_platform_0/system.hdf'.
02:04:56 INFO  : 'configparams force-mem-access 1' command is executed.
02:04:56 INFO  : Context for 'APU' is selected.
02:04:56 INFO  : 'stop' command is executed.
02:04:57 INFO  : 'ps7_init' command is executed.
02:04:57 INFO  : 'ps7_post_config' command is executed.
02:04:57 INFO  : Context for processor 'ps7_cortexa9_0' is selected.
02:04:57 INFO  : Processor reset is completed for 'ps7_cortexa9_0'.
02:04:57 INFO  : Context for processor 'ps7_cortexa9_0' is selected.
02:04:57 INFO  : The application 'C:/Xilinx/Vivado/projects/pl2ps_interrupt_example/pl2ps_interrupt_example.sdk/axi4_pl_interrupt_generator_test/Debug/axi4_pl_interrupt_generator_test.elf' is downloaded to processor 'ps7_cortexa9_0'.
02:04:57 INFO  : 'configparams force-mem-access 0' command is executed.
02:04:57 INFO  : ----------------XSDB Script----------------
connect -url tcp:127.0.0.1:3121
source C:/Xilinx/Vivado/projects/pl2ps_interrupt_example/pl2ps_interrupt_example.sdk/design_1_wrapper_hw_platform_0/ps7_init.tcl
targets -set -nocase -filter {name =~"APU*" && jtag_cable_name =~ "Digilent Zed 210248AA3C5B"} -index 0
loadhw -hw C:/Xilinx/Vivado/projects/pl2ps_interrupt_example/pl2ps_interrupt_example.sdk/design_1_wrapper_hw_platform_0/system.hdf -mem-ranges [list {0x40000000 0xbfffffff}]
configparams force-mem-access 1
targets -set -nocase -filter {name =~"APU*" && jtag_cable_name =~ "Digilent Zed 210248AA3C5B"} -index 0
stop
ps7_init
ps7_post_config
targets -set -nocase -filter {name =~ "ARM*#0" && jtag_cable_name =~ "Digilent Zed 210248AA3C5B"} -index 0
rst -processor
targets -set -nocase -filter {name =~ "ARM*#0" && jtag_cable_name =~ "Digilent Zed 210248AA3C5B"} -index 0
dow C:/Xilinx/Vivado/projects/pl2ps_interrupt_example/pl2ps_interrupt_example.sdk/axi4_pl_interrupt_generator_test/Debug/axi4_pl_interrupt_generator_test.elf
configparams force-mem-access 0
----------------End of Script----------------

02:04:57 INFO  : Context for processor 'ps7_cortexa9_0' is selected.
02:04:57 INFO  : 'con' command is executed.
02:04:57 INFO  : ----------------XSDB Script (After Launch)----------------
targets -set -nocase -filter {name =~ "ARM*#0" && jtag_cable_name =~ "Digilent Zed 210248AA3C5B"} -index 0
con
----------------End of Script----------------

02:04:57 INFO  : Disconnected from the channel tcfchan#2.
15:59:12 INFO  : Registering command handlers for SDK TCF services
15:59:12 INFO  : Launching XSCT server: xsct.bat -interactive C:\Xilinx\Vivado\projects\pl2ps_interrupt_example\pl2ps_interrupt_example.sdk\temp_xsdb_launch_script.tcl
15:59:14 INFO  : XSCT server has started successfully.
15:59:14 INFO  : Successfully done setting XSCT server connection channel  
15:59:14 INFO  : Processing command line option -hwspec C:/Xilinx/Vivado/projects/pl2ps_interrupt_example/pl2ps_interrupt_example.sdk/design_1_wrapper.hdf.
15:59:14 INFO  : Successfully done setting SDK workspace  
15:59:14 INFO  : Checking for hwspec changes in the project design_1_wrapper_hw_platform_0.
15:59:17 INFO  : SDK has detected change in the last modified timestamps for source hardware specification file Source:1544831832121,  Project:1544522402609
15:59:17 INFO  : The hardware specification for project 'design_1_wrapper_hw_platform_0' is different from C:/Xilinx/Vivado/projects/pl2ps_interrupt_example/pl2ps_interrupt_example.sdk/design_1_wrapper.hdf.
15:59:17 INFO  : Copied contents of C:/Xilinx/Vivado/projects/pl2ps_interrupt_example/pl2ps_interrupt_example.sdk/design_1_wrapper.hdf into \design_1_wrapper_hw_platform_0\system.hdf.
15:59:20 INFO  : Synchronizing projects in the workspace with the hardware platform specification changes.
15:59:26 INFO  : 
15:59:27 INFO  : Updating hardware inferred compiler options for axi4_pl_interrupt_generator_test.
15:59:27 INFO  : Clearing existing target manager status.
15:59:27 INFO  : Workspace synchronized with the new hardware specification file. Cleaning dependent projects...
15:59:29 WARN  : Linker script will not be updated automatically. Users need to update it manually.
16:07:12 INFO  : Connected to target on host '127.0.0.1' and port '3121'.
16:07:42 INFO  : Connected to target on host '127.0.0.1' and port '3121'.
16:08:55 INFO  : Connected to target on host '127.0.0.1' and port '3121'.
16:10:36 INFO  : Connected to target on host '127.0.0.1' and port '3121'.
16:27:49 INFO  : Connected to target on host '127.0.0.1' and port '3121'.
16:28:57 INFO  : Connected to target on host '127.0.0.1' and port '3121'.
16:30:12 INFO  : Connected to target on host '127.0.0.1' and port '3121'.
16:35:49 INFO  : Registering command handlers for SDK TCF services
16:35:50 INFO  : Launching XSCT server: xsct.bat -interactive C:\Xilinx\Vivado\projects\pl2ps_interrupt_example\pl2ps_interrupt_example.sdk\temp_xsdb_launch_script.tcl
16:35:52 INFO  : XSCT server has started successfully.
16:35:52 INFO  : Successfully done setting XSCT server connection channel  
16:35:52 INFO  : Successfully done setting SDK workspace  
16:35:52 INFO  : Processing command line option -hwspec C:/Xilinx/Vivado/projects/pl2ps_interrupt_example/pl2ps_interrupt_example.sdk/design_1_wrapper.hdf.
16:35:52 INFO  : Checking for hwspec changes in the project design_1_wrapper_hw_platform_0.
16:35:57 INFO  : Connected to target on host '127.0.0.1' and port '3121'.
17:37:41 INFO  : Connected to target on host '127.0.0.1' and port '3121'.
17:37:41 INFO  : 'targets -set -filter {jtag_cable_name =~ "Digilent Zed 210248AA3C5B" && level==0} -index 1' command is executed.
17:37:43 INFO  : FPGA configured successfully with bitstream "C:/Xilinx/Vivado/projects/pl2ps_interrupt_example/pl2ps_interrupt_example.sdk/design_1_wrapper_hw_platform_0/design_1_wrapper.bit"
17:38:24 INFO  : 'targets -set -filter {jtag_cable_name =~ "Digilent Zed 210248AA3C5B" && level==0} -index 1' command is executed.
17:38:24 INFO  : 'fpga -state' command is executed.
17:38:24 INFO  : Connected to target on host '127.0.0.1' and port '3121'.
17:38:24 INFO  : Jtag cable 'Digilent Zed 210248AA3C5B' is selected.
17:38:24 INFO  : 'jtag frequency' command is executed.
17:38:24 INFO  : Sourcing of 'C:/Xilinx/Vivado/projects/pl2ps_interrupt_example/pl2ps_interrupt_example.sdk/design_1_wrapper_hw_platform_0/ps7_init.tcl' is done.
17:38:24 INFO  : Context for 'APU' is selected.
17:38:24 INFO  : Hardware design information is loaded from 'C:/Xilinx/Vivado/projects/pl2ps_interrupt_example/pl2ps_interrupt_example.sdk/design_1_wrapper_hw_platform_0/system.hdf'.
17:38:24 INFO  : 'configparams force-mem-access 1' command is executed.
17:38:24 INFO  : Context for 'APU' is selected.
17:38:24 INFO  : 'stop' command is executed.
17:38:24 INFO  : 'ps7_init' command is executed.
17:38:24 INFO  : 'ps7_post_config' command is executed.
17:38:24 INFO  : Context for processor 'ps7_cortexa9_0' is selected.
17:38:24 INFO  : Processor reset is completed for 'ps7_cortexa9_0'.
17:38:25 INFO  : Context for processor 'ps7_cortexa9_0' is selected.
17:38:25 INFO  : The application 'C:/Xilinx/Vivado/projects/pl2ps_interrupt_example/pl2ps_interrupt_example.sdk/axi4_pl_interrupt_generator_test/Debug/axi4_pl_interrupt_generator_test.elf' is downloaded to processor 'ps7_cortexa9_0'.
17:38:25 INFO  : 'configparams force-mem-access 0' command is executed.
17:38:25 INFO  : ----------------XSDB Script----------------
connect -url tcp:127.0.0.1:3121
source C:/Xilinx/Vivado/projects/pl2ps_interrupt_example/pl2ps_interrupt_example.sdk/design_1_wrapper_hw_platform_0/ps7_init.tcl
targets -set -nocase -filter {name =~"APU*" && jtag_cable_name =~ "Digilent Zed 210248AA3C5B"} -index 0
loadhw -hw C:/Xilinx/Vivado/projects/pl2ps_interrupt_example/pl2ps_interrupt_example.sdk/design_1_wrapper_hw_platform_0/system.hdf -mem-ranges [list {0x40000000 0xbfffffff}]
configparams force-mem-access 1
targets -set -nocase -filter {name =~"APU*" && jtag_cable_name =~ "Digilent Zed 210248AA3C5B"} -index 0
stop
ps7_init
ps7_post_config
targets -set -nocase -filter {name =~ "ARM*#0" && jtag_cable_name =~ "Digilent Zed 210248AA3C5B"} -index 0
rst -processor
targets -set -nocase -filter {name =~ "ARM*#0" && jtag_cable_name =~ "Digilent Zed 210248AA3C5B"} -index 0
dow C:/Xilinx/Vivado/projects/pl2ps_interrupt_example/pl2ps_interrupt_example.sdk/axi4_pl_interrupt_generator_test/Debug/axi4_pl_interrupt_generator_test.elf
configparams force-mem-access 0
----------------End of Script----------------

17:38:25 INFO  : Context for processor 'ps7_cortexa9_0' is selected.
17:38:25 INFO  : 'con' command is executed.
17:38:25 INFO  : ----------------XSDB Script (After Launch)----------------
targets -set -nocase -filter {name =~ "ARM*#0" && jtag_cable_name =~ "Digilent Zed 210248AA3C5B"} -index 0
con
----------------End of Script----------------

17:38:25 INFO  : Disconnected from the channel tcfchan#1.
17:38:51 INFO  : 'targets -set -filter {jtag_cable_name =~ "Digilent Zed 210248AA3C5B" && level==0} -index 1' command is executed.
17:38:51 INFO  : 'fpga -state' command is executed.
17:38:51 INFO  : Connected to target on host '127.0.0.1' and port '3121'.
17:38:51 INFO  : Jtag cable 'Digilent Zed 210248AA3C5B' is selected.
17:38:51 INFO  : 'jtag frequency' command is executed.
17:38:51 INFO  : Sourcing of 'C:/Xilinx/Vivado/projects/pl2ps_interrupt_example/pl2ps_interrupt_example.sdk/design_1_wrapper_hw_platform_0/ps7_init.tcl' is done.
17:38:51 INFO  : Context for 'APU' is selected.
17:38:53 INFO  : Hardware design information is loaded from 'C:/Xilinx/Vivado/projects/pl2ps_interrupt_example/pl2ps_interrupt_example.sdk/design_1_wrapper_hw_platform_0/system.hdf'.
17:38:54 INFO  : 'configparams force-mem-access 1' command is executed.
17:38:54 INFO  : Context for 'APU' is selected.
17:38:54 INFO  : 'stop' command is executed.
17:38:55 INFO  : 'ps7_init' command is executed.
17:38:55 INFO  : 'ps7_post_config' command is executed.
17:38:55 INFO  : Context for processor 'ps7_cortexa9_0' is selected.
17:38:55 INFO  : Processor reset is completed for 'ps7_cortexa9_0'.
17:38:55 INFO  : Context for processor 'ps7_cortexa9_0' is selected.
17:38:56 INFO  : The application 'C:/Xilinx/Vivado/projects/pl2ps_interrupt_example/pl2ps_interrupt_example.sdk/axi4_pl_interrupt_generator_test/Debug/axi4_pl_interrupt_generator_test.elf' is downloaded to processor 'ps7_cortexa9_0'.
17:38:56 INFO  : 'configparams force-mem-access 0' command is executed.
17:38:56 INFO  : ----------------XSDB Script----------------
connect -url tcp:127.0.0.1:3121
source C:/Xilinx/Vivado/projects/pl2ps_interrupt_example/pl2ps_interrupt_example.sdk/design_1_wrapper_hw_platform_0/ps7_init.tcl
targets -set -nocase -filter {name =~"APU*" && jtag_cable_name =~ "Digilent Zed 210248AA3C5B"} -index 0
loadhw -hw C:/Xilinx/Vivado/projects/pl2ps_interrupt_example/pl2ps_interrupt_example.sdk/design_1_wrapper_hw_platform_0/system.hdf -mem-ranges [list {0x40000000 0xbfffffff}]
configparams force-mem-access 1
targets -set -nocase -filter {name =~"APU*" && jtag_cable_name =~ "Digilent Zed 210248AA3C5B"} -index 0
stop
ps7_init
ps7_post_config
targets -set -nocase -filter {name =~ "ARM*#0" && jtag_cable_name =~ "Digilent Zed 210248AA3C5B"} -index 0
rst -processor
targets -set -nocase -filter {name =~ "ARM*#0" && jtag_cable_name =~ "Digilent Zed 210248AA3C5B"} -index 0
dow C:/Xilinx/Vivado/projects/pl2ps_interrupt_example/pl2ps_interrupt_example.sdk/axi4_pl_interrupt_generator_test/Debug/axi4_pl_interrupt_generator_test.elf
configparams force-mem-access 0
----------------End of Script----------------

17:38:56 INFO  : Context for processor 'ps7_cortexa9_0' is selected.
17:38:56 INFO  : 'con' command is executed.
17:38:56 INFO  : ----------------XSDB Script (After Launch)----------------
targets -set -nocase -filter {name =~ "ARM*#0" && jtag_cable_name =~ "Digilent Zed 210248AA3C5B"} -index 0
con
----------------End of Script----------------

17:38:56 INFO  : Disconnected from the channel tcfchan#2.
17:39:21 INFO  : 'targets -set -filter {jtag_cable_name =~ "Digilent Zed 210248AA3C5B" && level==0} -index 1' command is executed.
17:39:21 INFO  : 'fpga -state' command is executed.
17:39:21 INFO  : Connected to target on host '127.0.0.1' and port '3121'.
17:39:22 INFO  : Jtag cable 'Digilent Zed 210248AA3C5B' is selected.
17:39:22 INFO  : 'jtag frequency' command is executed.
17:39:22 INFO  : Sourcing of 'C:/Xilinx/Vivado/projects/pl2ps_interrupt_example/pl2ps_interrupt_example.sdk/design_1_wrapper_hw_platform_0/ps7_init.tcl' is done.
17:39:22 INFO  : Context for 'APU' is selected.
17:39:25 INFO  : Hardware design information is loaded from 'C:/Xilinx/Vivado/projects/pl2ps_interrupt_example/pl2ps_interrupt_example.sdk/design_1_wrapper_hw_platform_0/system.hdf'.
17:39:25 INFO  : 'configparams force-mem-access 1' command is executed.
17:39:25 INFO  : Context for 'APU' is selected.
17:39:25 INFO  : 'stop' command is executed.
17:39:26 INFO  : 'ps7_init' command is executed.
17:39:26 INFO  : 'ps7_post_config' command is executed.
17:39:26 INFO  : Context for processor 'ps7_cortexa9_0' is selected.
17:39:26 INFO  : Processor reset is completed for 'ps7_cortexa9_0'.
17:39:27 INFO  : Context for processor 'ps7_cortexa9_0' is selected.
17:39:27 INFO  : The application 'C:/Xilinx/Vivado/projects/pl2ps_interrupt_example/pl2ps_interrupt_example.sdk/axi4_pl_interrupt_generator_test/Debug/axi4_pl_interrupt_generator_test.elf' is downloaded to processor 'ps7_cortexa9_0'.
17:39:27 INFO  : 'configparams force-mem-access 0' command is executed.
17:39:27 INFO  : ----------------XSDB Script----------------
connect -url tcp:127.0.0.1:3121
source C:/Xilinx/Vivado/projects/pl2ps_interrupt_example/pl2ps_interrupt_example.sdk/design_1_wrapper_hw_platform_0/ps7_init.tcl
targets -set -nocase -filter {name =~"APU*" && jtag_cable_name =~ "Digilent Zed 210248AA3C5B"} -index 0
loadhw -hw C:/Xilinx/Vivado/projects/pl2ps_interrupt_example/pl2ps_interrupt_example.sdk/design_1_wrapper_hw_platform_0/system.hdf -mem-ranges [list {0x40000000 0xbfffffff}]
configparams force-mem-access 1
targets -set -nocase -filter {name =~"APU*" && jtag_cable_name =~ "Digilent Zed 210248AA3C5B"} -index 0
stop
ps7_init
ps7_post_config
targets -set -nocase -filter {name =~ "ARM*#0" && jtag_cable_name =~ "Digilent Zed 210248AA3C5B"} -index 0
rst -processor
targets -set -nocase -filter {name =~ "ARM*#0" && jtag_cable_name =~ "Digilent Zed 210248AA3C5B"} -index 0
dow C:/Xilinx/Vivado/projects/pl2ps_interrupt_example/pl2ps_interrupt_example.sdk/axi4_pl_interrupt_generator_test/Debug/axi4_pl_interrupt_generator_test.elf
configparams force-mem-access 0
----------------End of Script----------------

17:39:27 INFO  : Context for processor 'ps7_cortexa9_0' is selected.
17:39:27 INFO  : 'con' command is executed.
17:39:27 INFO  : ----------------XSDB Script (After Launch)----------------
targets -set -nocase -filter {name =~ "ARM*#0" && jtag_cable_name =~ "Digilent Zed 210248AA3C5B"} -index 0
con
----------------End of Script----------------

17:39:27 INFO  : Disconnected from the channel tcfchan#3.
17:40:44 INFO  : 'targets -set -filter {jtag_cable_name =~ "Digilent Zed 210248AA3C5B" && level==0} -index 1' command is executed.
17:40:44 INFO  : 'fpga -state' command is executed.
17:40:44 INFO  : Connected to target on host '127.0.0.1' and port '3121'.
17:40:44 INFO  : Jtag cable 'Digilent Zed 210248AA3C5B' is selected.
17:40:44 INFO  : 'jtag frequency' command is executed.
17:40:44 INFO  : Sourcing of 'C:/Xilinx/Vivado/projects/pl2ps_interrupt_example/pl2ps_interrupt_example.sdk/design_1_wrapper_hw_platform_0/ps7_init.tcl' is done.
17:40:45 INFO  : Context for 'APU' is selected.
17:40:46 INFO  : Hardware design information is loaded from 'C:/Xilinx/Vivado/projects/pl2ps_interrupt_example/pl2ps_interrupt_example.sdk/design_1_wrapper_hw_platform_0/system.hdf'.
17:40:47 INFO  : 'configparams force-mem-access 1' command is executed.
17:40:48 INFO  : Context for 'APU' is selected.
17:40:48 INFO  : 'stop' command is executed.
17:40:48 INFO  : 'ps7_init' command is executed.
17:40:48 INFO  : 'ps7_post_config' command is executed.
17:40:48 INFO  : Context for processor 'ps7_cortexa9_0' is selected.
17:40:48 INFO  : Processor reset is completed for 'ps7_cortexa9_0'.
17:40:49 INFO  : Context for processor 'ps7_cortexa9_0' is selected.
17:40:49 INFO  : The application 'C:/Xilinx/Vivado/projects/pl2ps_interrupt_example/pl2ps_interrupt_example.sdk/axi4_pl_interrupt_generator_test/Debug/axi4_pl_interrupt_generator_test.elf' is downloaded to processor 'ps7_cortexa9_0'.
17:40:49 INFO  : 'configparams force-mem-access 0' command is executed.
17:40:49 INFO  : ----------------XSDB Script----------------
connect -url tcp:127.0.0.1:3121
source C:/Xilinx/Vivado/projects/pl2ps_interrupt_example/pl2ps_interrupt_example.sdk/design_1_wrapper_hw_platform_0/ps7_init.tcl
targets -set -nocase -filter {name =~"APU*" && jtag_cable_name =~ "Digilent Zed 210248AA3C5B"} -index 0
loadhw -hw C:/Xilinx/Vivado/projects/pl2ps_interrupt_example/pl2ps_interrupt_example.sdk/design_1_wrapper_hw_platform_0/system.hdf -mem-ranges [list {0x40000000 0xbfffffff}]
configparams force-mem-access 1
targets -set -nocase -filter {name =~"APU*" && jtag_cable_name =~ "Digilent Zed 210248AA3C5B"} -index 0
stop
ps7_init
ps7_post_config
targets -set -nocase -filter {name =~ "ARM*#0" && jtag_cable_name =~ "Digilent Zed 210248AA3C5B"} -index 0
rst -processor
targets -set -nocase -filter {name =~ "ARM*#0" && jtag_cable_name =~ "Digilent Zed 210248AA3C5B"} -index 0
dow C:/Xilinx/Vivado/projects/pl2ps_interrupt_example/pl2ps_interrupt_example.sdk/axi4_pl_interrupt_generator_test/Debug/axi4_pl_interrupt_generator_test.elf
configparams force-mem-access 0
----------------End of Script----------------

17:40:49 INFO  : Context for processor 'ps7_cortexa9_0' is selected.
17:40:49 INFO  : 'con' command is executed.
17:40:49 INFO  : ----------------XSDB Script (After Launch)----------------
targets -set -nocase -filter {name =~ "ARM*#0" && jtag_cable_name =~ "Digilent Zed 210248AA3C5B"} -index 0
con
----------------End of Script----------------

17:40:49 INFO  : Disconnected from the channel tcfchan#4.
17:45:23 INFO  : 'targets -set -filter {jtag_cable_name =~ "Digilent Zed 210248AA3C5B" && level==0} -index 1' command is executed.
17:45:23 INFO  : 'fpga -state' command is executed.
17:45:23 INFO  : Connected to target on host '127.0.0.1' and port '3121'.
17:45:24 INFO  : Jtag cable 'Digilent Zed 210248AA3C5B' is selected.
17:45:24 INFO  : 'jtag frequency' command is executed.
17:45:24 INFO  : Sourcing of 'C:/Xilinx/Vivado/projects/pl2ps_interrupt_example/pl2ps_interrupt_example.sdk/design_1_wrapper_hw_platform_0/ps7_init.tcl' is done.
17:45:24 INFO  : Context for 'APU' is selected.
17:45:27 INFO  : Hardware design information is loaded from 'C:/Xilinx/Vivado/projects/pl2ps_interrupt_example/pl2ps_interrupt_example.sdk/design_1_wrapper_hw_platform_0/system.hdf'.
17:45:27 INFO  : 'configparams force-mem-access 1' command is executed.
17:45:27 INFO  : Context for 'APU' is selected.
17:45:27 INFO  : 'stop' command is executed.
17:45:27 INFO  : 'ps7_init' command is executed.
17:45:27 INFO  : 'ps7_post_config' command is executed.
17:45:28 INFO  : Context for processor 'ps7_cortexa9_0' is selected.
17:45:28 INFO  : Processor reset is completed for 'ps7_cortexa9_0'.
17:45:28 INFO  : Context for processor 'ps7_cortexa9_0' is selected.
17:45:28 INFO  : The application 'C:/Xilinx/Vivado/projects/pl2ps_interrupt_example/pl2ps_interrupt_example.sdk/axi4_pl_interrupt_generator_test/Debug/axi4_pl_interrupt_generator_test.elf' is downloaded to processor 'ps7_cortexa9_0'.
17:45:28 INFO  : 'configparams force-mem-access 0' command is executed.
17:45:28 INFO  : ----------------XSDB Script----------------
connect -url tcp:127.0.0.1:3121
source C:/Xilinx/Vivado/projects/pl2ps_interrupt_example/pl2ps_interrupt_example.sdk/design_1_wrapper_hw_platform_0/ps7_init.tcl
targets -set -nocase -filter {name =~"APU*" && jtag_cable_name =~ "Digilent Zed 210248AA3C5B"} -index 0
loadhw -hw C:/Xilinx/Vivado/projects/pl2ps_interrupt_example/pl2ps_interrupt_example.sdk/design_1_wrapper_hw_platform_0/system.hdf -mem-ranges [list {0x40000000 0xbfffffff}]
configparams force-mem-access 1
targets -set -nocase -filter {name =~"APU*" && jtag_cable_name =~ "Digilent Zed 210248AA3C5B"} -index 0
stop
ps7_init
ps7_post_config
targets -set -nocase -filter {name =~ "ARM*#0" && jtag_cable_name =~ "Digilent Zed 210248AA3C5B"} -index 0
rst -processor
targets -set -nocase -filter {name =~ "ARM*#0" && jtag_cable_name =~ "Digilent Zed 210248AA3C5B"} -index 0
dow C:/Xilinx/Vivado/projects/pl2ps_interrupt_example/pl2ps_interrupt_example.sdk/axi4_pl_interrupt_generator_test/Debug/axi4_pl_interrupt_generator_test.elf
configparams force-mem-access 0
----------------End of Script----------------

17:45:28 INFO  : Context for processor 'ps7_cortexa9_0' is selected.
17:45:28 INFO  : 'con' command is executed.
17:45:28 INFO  : ----------------XSDB Script (After Launch)----------------
targets -set -nocase -filter {name =~ "ARM*#0" && jtag_cable_name =~ "Digilent Zed 210248AA3C5B"} -index 0
con
----------------End of Script----------------

17:45:28 INFO  : Disconnected from the channel tcfchan#5.
17:48:27 INFO  : 'targets -set -filter {jtag_cable_name =~ "Digilent Zed 210248AA3C5B" && level==0} -index 1' command is executed.
17:48:27 INFO  : 'fpga -state' command is executed.
17:48:27 INFO  : Connected to target on host '127.0.0.1' and port '3121'.
17:48:28 INFO  : Jtag cable 'Digilent Zed 210248AA3C5B' is selected.
17:48:28 INFO  : 'jtag frequency' command is executed.
17:48:28 INFO  : Sourcing of 'C:/Xilinx/Vivado/projects/pl2ps_interrupt_example/pl2ps_interrupt_example.sdk/design_1_wrapper_hw_platform_0/ps7_init.tcl' is done.
17:48:28 INFO  : Context for 'APU' is selected.
17:48:30 INFO  : Hardware design information is loaded from 'C:/Xilinx/Vivado/projects/pl2ps_interrupt_example/pl2ps_interrupt_example.sdk/design_1_wrapper_hw_platform_0/system.hdf'.
17:48:30 INFO  : 'configparams force-mem-access 1' command is executed.
17:48:31 INFO  : Context for 'APU' is selected.
17:48:31 INFO  : 'stop' command is executed.
17:48:31 INFO  : 'ps7_init' command is executed.
17:48:31 INFO  : 'ps7_post_config' command is executed.
17:48:32 INFO  : Context for processor 'ps7_cortexa9_0' is selected.
17:48:32 INFO  : Processor reset is completed for 'ps7_cortexa9_0'.
17:48:32 INFO  : Context for processor 'ps7_cortexa9_0' is selected.
17:48:32 INFO  : The application 'C:/Xilinx/Vivado/projects/pl2ps_interrupt_example/pl2ps_interrupt_example.sdk/axi4_pl_interrupt_generator_test/Debug/axi4_pl_interrupt_generator_test.elf' is downloaded to processor 'ps7_cortexa9_0'.
17:48:32 INFO  : 'configparams force-mem-access 0' command is executed.
17:48:32 INFO  : ----------------XSDB Script----------------
connect -url tcp:127.0.0.1:3121
source C:/Xilinx/Vivado/projects/pl2ps_interrupt_example/pl2ps_interrupt_example.sdk/design_1_wrapper_hw_platform_0/ps7_init.tcl
targets -set -nocase -filter {name =~"APU*" && jtag_cable_name =~ "Digilent Zed 210248AA3C5B"} -index 0
loadhw -hw C:/Xilinx/Vivado/projects/pl2ps_interrupt_example/pl2ps_interrupt_example.sdk/design_1_wrapper_hw_platform_0/system.hdf -mem-ranges [list {0x40000000 0xbfffffff}]
configparams force-mem-access 1
targets -set -nocase -filter {name =~"APU*" && jtag_cable_name =~ "Digilent Zed 210248AA3C5B"} -index 0
stop
ps7_init
ps7_post_config
targets -set -nocase -filter {name =~ "ARM*#0" && jtag_cable_name =~ "Digilent Zed 210248AA3C5B"} -index 0
rst -processor
targets -set -nocase -filter {name =~ "ARM*#0" && jtag_cable_name =~ "Digilent Zed 210248AA3C5B"} -index 0
dow C:/Xilinx/Vivado/projects/pl2ps_interrupt_example/pl2ps_interrupt_example.sdk/axi4_pl_interrupt_generator_test/Debug/axi4_pl_interrupt_generator_test.elf
configparams force-mem-access 0
----------------End of Script----------------

17:48:32 INFO  : Context for processor 'ps7_cortexa9_0' is selected.
17:48:32 INFO  : 'con' command is executed.
17:48:32 INFO  : ----------------XSDB Script (After Launch)----------------
targets -set -nocase -filter {name =~ "ARM*#0" && jtag_cable_name =~ "Digilent Zed 210248AA3C5B"} -index 0
con
----------------End of Script----------------

17:48:32 INFO  : Disconnected from the channel tcfchan#6.
19:02:04 INFO  : SDK has detected change in the last modified timestamps for source hardware specification file Source:1544842920023,  Project:1544831832121
19:02:04 INFO  : Project design_1_wrapper_hw_platform_0's source hardware specification located at C:/Xilinx/Vivado/projects/pl2ps_interrupt_example/pl2ps_interrupt_example.sdk/design_1_wrapper.hdf is now different from the local copy.
		 The local copy will be replaced with the source specification and your workspace will be updated.
19:02:28 INFO  : Project design_1_wrapper_hw_platform_0's source hardware specification location will not be monitored anymore.
19:02:46 INFO  : Registering command handlers for SDK TCF services
19:02:46 INFO  : Launching XSCT server: xsct.bat -interactive C:\Xilinx\Vivado\projects\pl2ps_interrupt_example\pl2ps_interrupt_example.sdk\temp_xsdb_launch_script.tcl
19:02:48 INFO  : XSCT server has started successfully.
19:02:48 INFO  : Successfully done setting XSCT server connection channel  
19:02:48 INFO  : Processing command line option -hwspec C:/Xilinx/Vivado/projects/pl2ps_interrupt_example/pl2ps_interrupt_example.sdk/design_1_wrapper.hdf.
19:02:48 INFO  : Successfully done setting SDK workspace  
19:05:37 INFO  : Connected to target on host '127.0.0.1' and port '3121'.
19:05:38 INFO  : 'targets -set -filter {jtag_cable_name =~ "Digilent Zed 210248AA3C5B" && level==0} -index 1' command is executed.
19:05:40 INFO  : FPGA configured successfully with bitstream "C:/Xilinx/Vivado/projects/pl2ps_interrupt_example/pl2ps_interrupt_example.sdk/design_1_wrapper_hw_platform_0/design_1_wrapper.bit"
19:05:53 INFO  : 'targets -set -filter {jtag_cable_name =~ "Digilent Zed 210248AA3C5B" && level==0} -index 1' command is executed.
19:05:53 INFO  : 'fpga -state' command is executed.
19:05:53 INFO  : Connected to target on host '127.0.0.1' and port '3121'.
19:05:53 INFO  : Jtag cable 'Digilent Zed 210248AA3C5B' is selected.
19:05:53 INFO  : 'jtag frequency' command is executed.
19:05:53 INFO  : Sourcing of 'C:/Xilinx/Vivado/projects/pl2ps_interrupt_example/pl2ps_interrupt_example.sdk/design_1_wrapper_hw_platform_0/ps7_init.tcl' is done.
19:05:53 INFO  : Context for 'APU' is selected.
19:05:53 INFO  : Hardware design information is loaded from 'C:/Xilinx/Vivado/projects/pl2ps_interrupt_example/pl2ps_interrupt_example.sdk/design_1_wrapper_hw_platform_0/system.hdf'.
19:05:53 INFO  : 'configparams force-mem-access 1' command is executed.
19:05:53 INFO  : Context for 'APU' is selected.
19:05:53 INFO  : 'stop' command is executed.
19:05:54 INFO  : 'ps7_init' command is executed.
19:05:54 INFO  : 'ps7_post_config' command is executed.
19:05:54 INFO  : Context for processor 'ps7_cortexa9_0' is selected.
19:05:54 INFO  : Processor reset is completed for 'ps7_cortexa9_0'.
19:05:54 INFO  : Context for processor 'ps7_cortexa9_0' is selected.
19:05:54 INFO  : The application 'C:/Xilinx/Vivado/projects/pl2ps_interrupt_example/pl2ps_interrupt_example.sdk/axi4_pl_interrupt_generator_test/Debug/axi4_pl_interrupt_generator_test.elf' is downloaded to processor 'ps7_cortexa9_0'.
19:05:54 INFO  : 'configparams force-mem-access 0' command is executed.
19:05:54 INFO  : ----------------XSDB Script----------------
connect -url tcp:127.0.0.1:3121
source C:/Xilinx/Vivado/projects/pl2ps_interrupt_example/pl2ps_interrupt_example.sdk/design_1_wrapper_hw_platform_0/ps7_init.tcl
targets -set -nocase -filter {name =~"APU*" && jtag_cable_name =~ "Digilent Zed 210248AA3C5B"} -index 0
loadhw -hw C:/Xilinx/Vivado/projects/pl2ps_interrupt_example/pl2ps_interrupt_example.sdk/design_1_wrapper_hw_platform_0/system.hdf -mem-ranges [list {0x40000000 0xbfffffff}]
configparams force-mem-access 1
targets -set -nocase -filter {name =~"APU*" && jtag_cable_name =~ "Digilent Zed 210248AA3C5B"} -index 0
stop
ps7_init
ps7_post_config
targets -set -nocase -filter {name =~ "ARM*#0" && jtag_cable_name =~ "Digilent Zed 210248AA3C5B"} -index 0
rst -processor
targets -set -nocase -filter {name =~ "ARM*#0" && jtag_cable_name =~ "Digilent Zed 210248AA3C5B"} -index 0
dow C:/Xilinx/Vivado/projects/pl2ps_interrupt_example/pl2ps_interrupt_example.sdk/axi4_pl_interrupt_generator_test/Debug/axi4_pl_interrupt_generator_test.elf
configparams force-mem-access 0
----------------End of Script----------------

19:05:54 INFO  : Context for processor 'ps7_cortexa9_0' is selected.
19:05:54 INFO  : 'con' command is executed.
19:05:54 INFO  : ----------------XSDB Script (After Launch)----------------
targets -set -nocase -filter {name =~ "ARM*#0" && jtag_cable_name =~ "Digilent Zed 210248AA3C5B"} -index 0
con
----------------End of Script----------------

19:05:54 INFO  : Disconnected from the channel tcfchan#1.
19:11:22 INFO  : 'targets -set -filter {jtag_cable_name =~ "Digilent Zed 210248AA3C5B" && level==0} -index 1' command is executed.
19:11:22 INFO  : 'fpga -state' command is executed.
19:11:22 INFO  : Connected to target on host '127.0.0.1' and port '3121'.
19:11:22 INFO  : Jtag cable 'Digilent Zed 210248AA3C5B' is selected.
19:11:22 INFO  : 'jtag frequency' command is executed.
19:11:22 INFO  : Sourcing of 'C:/Xilinx/Vivado/projects/pl2ps_interrupt_example/pl2ps_interrupt_example.sdk/design_1_wrapper_hw_platform_0/ps7_init.tcl' is done.
19:11:22 INFO  : Context for 'APU' is selected.
19:11:24 INFO  : Hardware design information is loaded from 'C:/Xilinx/Vivado/projects/pl2ps_interrupt_example/pl2ps_interrupt_example.sdk/design_1_wrapper_hw_platform_0/system.hdf'.
19:11:24 INFO  : 'configparams force-mem-access 1' command is executed.
19:11:25 INFO  : Context for 'APU' is selected.
19:11:25 INFO  : 'stop' command is executed.
19:11:26 INFO  : 'ps7_init' command is executed.
19:11:26 INFO  : 'ps7_post_config' command is executed.
19:11:26 INFO  : Context for processor 'ps7_cortexa9_0' is selected.
19:11:26 INFO  : Processor reset is completed for 'ps7_cortexa9_0'.
19:11:26 INFO  : Context for processor 'ps7_cortexa9_0' is selected.
19:11:27 INFO  : The application 'C:/Xilinx/Vivado/projects/pl2ps_interrupt_example/pl2ps_interrupt_example.sdk/axi4_pl_interrupt_generator_test/Debug/axi4_pl_interrupt_generator_test.elf' is downloaded to processor 'ps7_cortexa9_0'.
19:11:27 INFO  : 'configparams force-mem-access 0' command is executed.
19:11:27 INFO  : ----------------XSDB Script----------------
connect -url tcp:127.0.0.1:3121
source C:/Xilinx/Vivado/projects/pl2ps_interrupt_example/pl2ps_interrupt_example.sdk/design_1_wrapper_hw_platform_0/ps7_init.tcl
targets -set -nocase -filter {name =~"APU*" && jtag_cable_name =~ "Digilent Zed 210248AA3C5B"} -index 0
loadhw -hw C:/Xilinx/Vivado/projects/pl2ps_interrupt_example/pl2ps_interrupt_example.sdk/design_1_wrapper_hw_platform_0/system.hdf -mem-ranges [list {0x40000000 0xbfffffff}]
configparams force-mem-access 1
targets -set -nocase -filter {name =~"APU*" && jtag_cable_name =~ "Digilent Zed 210248AA3C5B"} -index 0
stop
ps7_init
ps7_post_config
targets -set -nocase -filter {name =~ "ARM*#0" && jtag_cable_name =~ "Digilent Zed 210248AA3C5B"} -index 0
rst -processor
targets -set -nocase -filter {name =~ "ARM*#0" && jtag_cable_name =~ "Digilent Zed 210248AA3C5B"} -index 0
dow C:/Xilinx/Vivado/projects/pl2ps_interrupt_example/pl2ps_interrupt_example.sdk/axi4_pl_interrupt_generator_test/Debug/axi4_pl_interrupt_generator_test.elf
configparams force-mem-access 0
----------------End of Script----------------

19:11:27 INFO  : Context for processor 'ps7_cortexa9_0' is selected.
19:11:27 INFO  : 'con' command is executed.
19:11:27 INFO  : ----------------XSDB Script (After Launch)----------------
targets -set -nocase -filter {name =~ "ARM*#0" && jtag_cable_name =~ "Digilent Zed 210248AA3C5B"} -index 0
con
----------------End of Script----------------

19:11:27 INFO  : Disconnected from the channel tcfchan#2.
19:12:00 INFO  : 'targets -set -filter {jtag_cable_name =~ "Digilent Zed 210248AA3C5B" && level==0} -index 1' command is executed.
19:12:00 INFO  : 'fpga -state' command is executed.
19:12:00 INFO  : Connected to target on host '127.0.0.1' and port '3121'.
19:12:00 INFO  : Jtag cable 'Digilent Zed 210248AA3C5B' is selected.
19:12:00 INFO  : 'jtag frequency' command is executed.
19:12:00 INFO  : Sourcing of 'C:/Xilinx/Vivado/projects/pl2ps_interrupt_example/pl2ps_interrupt_example.sdk/design_1_wrapper_hw_platform_0/ps7_init.tcl' is done.
19:12:01 INFO  : Context for 'APU' is selected.
19:12:01 INFO  : Hardware design information is loaded from 'C:/Xilinx/Vivado/projects/pl2ps_interrupt_example/pl2ps_interrupt_example.sdk/design_1_wrapper_hw_platform_0/system.hdf'.
19:12:01 INFO  : 'configparams force-mem-access 1' command is executed.
19:12:01 INFO  : Context for 'APU' is selected.
19:12:01 INFO  : 'stop' command is executed.
19:12:02 INFO  : 'ps7_init' command is executed.
19:12:02 INFO  : 'ps7_post_config' command is executed.
19:12:02 INFO  : Context for processor 'ps7_cortexa9_0' is selected.
19:12:02 INFO  : Processor reset is completed for 'ps7_cortexa9_0'.
19:12:02 INFO  : Context for processor 'ps7_cortexa9_0' is selected.
19:12:02 INFO  : The application 'C:/Xilinx/Vivado/projects/pl2ps_interrupt_example/pl2ps_interrupt_example.sdk/axi4_pl_interrupt_generator_test/Debug/axi4_pl_interrupt_generator_test.elf' is downloaded to processor 'ps7_cortexa9_0'.
19:12:02 INFO  : 'configparams force-mem-access 0' command is executed.
19:12:02 INFO  : ----------------XSDB Script----------------
connect -url tcp:127.0.0.1:3121
source C:/Xilinx/Vivado/projects/pl2ps_interrupt_example/pl2ps_interrupt_example.sdk/design_1_wrapper_hw_platform_0/ps7_init.tcl
targets -set -nocase -filter {name =~"APU*" && jtag_cable_name =~ "Digilent Zed 210248AA3C5B"} -index 0
loadhw -hw C:/Xilinx/Vivado/projects/pl2ps_interrupt_example/pl2ps_interrupt_example.sdk/design_1_wrapper_hw_platform_0/system.hdf -mem-ranges [list {0x40000000 0xbfffffff}]
configparams force-mem-access 1
targets -set -nocase -filter {name =~"APU*" && jtag_cable_name =~ "Digilent Zed 210248AA3C5B"} -index 0
stop
ps7_init
ps7_post_config
targets -set -nocase -filter {name =~ "ARM*#0" && jtag_cable_name =~ "Digilent Zed 210248AA3C5B"} -index 0
rst -processor
targets -set -nocase -filter {name =~ "ARM*#0" && jtag_cable_name =~ "Digilent Zed 210248AA3C5B"} -index 0
dow C:/Xilinx/Vivado/projects/pl2ps_interrupt_example/pl2ps_interrupt_example.sdk/axi4_pl_interrupt_generator_test/Debug/axi4_pl_interrupt_generator_test.elf
configparams force-mem-access 0
----------------End of Script----------------

19:12:03 INFO  : Context for processor 'ps7_cortexa9_0' is selected.
19:12:03 INFO  : 'con' command is executed.
19:12:03 INFO  : ----------------XSDB Script (After Launch)----------------
targets -set -nocase -filter {name =~ "ARM*#0" && jtag_cable_name =~ "Digilent Zed 210248AA3C5B"} -index 0
con
----------------End of Script----------------

19:12:03 INFO  : Disconnected from the channel tcfchan#3.
19:15:40 INFO  : 'targets -set -filter {jtag_cable_name =~ "Digilent Zed 210248AA3C5B" && level==0} -index 1' command is executed.
19:15:40 INFO  : 'fpga -state' command is executed.
19:15:40 INFO  : Connected to target on host '127.0.0.1' and port '3121'.
19:15:41 INFO  : Jtag cable 'Digilent Zed 210248AA3C5B' is selected.
19:15:41 INFO  : 'jtag frequency' command is executed.
19:15:41 INFO  : Sourcing of 'C:/Xilinx/Vivado/projects/pl2ps_interrupt_example/pl2ps_interrupt_example.sdk/design_1_wrapper_hw_platform_0/ps7_init.tcl' is done.
19:15:41 INFO  : Context for 'APU' is selected.
19:15:41 INFO  : Hardware design information is loaded from 'C:/Xilinx/Vivado/projects/pl2ps_interrupt_example/pl2ps_interrupt_example.sdk/design_1_wrapper_hw_platform_0/system.hdf'.
19:15:41 INFO  : 'configparams force-mem-access 1' command is executed.
19:15:41 INFO  : Context for 'APU' is selected.
19:15:41 INFO  : 'stop' command is executed.
19:15:42 INFO  : 'ps7_init' command is executed.
19:15:42 INFO  : 'ps7_post_config' command is executed.
19:15:42 INFO  : Context for processor 'ps7_cortexa9_0' is selected.
19:15:42 INFO  : Processor reset is completed for 'ps7_cortexa9_0'.
19:15:42 INFO  : Context for processor 'ps7_cortexa9_0' is selected.
19:15:43 INFO  : The application 'C:/Xilinx/Vivado/projects/pl2ps_interrupt_example/pl2ps_interrupt_example.sdk/axi4_pl_interrupt_generator_test/Debug/axi4_pl_interrupt_generator_test.elf' is downloaded to processor 'ps7_cortexa9_0'.
19:15:43 INFO  : 'configparams force-mem-access 0' command is executed.
19:15:43 INFO  : ----------------XSDB Script----------------
connect -url tcp:127.0.0.1:3121
source C:/Xilinx/Vivado/projects/pl2ps_interrupt_example/pl2ps_interrupt_example.sdk/design_1_wrapper_hw_platform_0/ps7_init.tcl
targets -set -nocase -filter {name =~"APU*" && jtag_cable_name =~ "Digilent Zed 210248AA3C5B"} -index 0
loadhw -hw C:/Xilinx/Vivado/projects/pl2ps_interrupt_example/pl2ps_interrupt_example.sdk/design_1_wrapper_hw_platform_0/system.hdf -mem-ranges [list {0x40000000 0xbfffffff}]
configparams force-mem-access 1
targets -set -nocase -filter {name =~"APU*" && jtag_cable_name =~ "Digilent Zed 210248AA3C5B"} -index 0
stop
ps7_init
ps7_post_config
targets -set -nocase -filter {name =~ "ARM*#0" && jtag_cable_name =~ "Digilent Zed 210248AA3C5B"} -index 0
rst -processor
targets -set -nocase -filter {name =~ "ARM*#0" && jtag_cable_name =~ "Digilent Zed 210248AA3C5B"} -index 0
dow C:/Xilinx/Vivado/projects/pl2ps_interrupt_example/pl2ps_interrupt_example.sdk/axi4_pl_interrupt_generator_test/Debug/axi4_pl_interrupt_generator_test.elf
configparams force-mem-access 0
----------------End of Script----------------

19:15:43 INFO  : Context for processor 'ps7_cortexa9_0' is selected.
19:15:43 INFO  : 'con' command is executed.
19:15:43 INFO  : ----------------XSDB Script (After Launch)----------------
targets -set -nocase -filter {name =~ "ARM*#0" && jtag_cable_name =~ "Digilent Zed 210248AA3C5B"} -index 0
con
----------------End of Script----------------

19:15:43 INFO  : Disconnected from the channel tcfchan#4.
19:26:30 INFO  : 'targets -set -filter {jtag_cable_name =~ "Digilent Zed 210248AA3C5B" && level==0} -index 1' command is executed.
19:26:30 INFO  : 'fpga -state' command is executed.
19:26:30 INFO  : Connected to target on host '127.0.0.1' and port '3121'.
19:26:31 INFO  : Jtag cable 'Digilent Zed 210248AA3C5B' is selected.
19:26:31 INFO  : 'jtag frequency' command is executed.
19:26:31 INFO  : Sourcing of 'C:/Xilinx/Vivado/projects/pl2ps_interrupt_example/pl2ps_interrupt_example.sdk/design_1_wrapper_hw_platform_0/ps7_init.tcl' is done.
19:26:31 INFO  : Context for 'APU' is selected.
19:26:31 INFO  : Hardware design information is loaded from 'C:/Xilinx/Vivado/projects/pl2ps_interrupt_example/pl2ps_interrupt_example.sdk/design_1_wrapper_hw_platform_0/system.hdf'.
19:26:31 INFO  : 'configparams force-mem-access 1' command is executed.
19:26:31 INFO  : Context for 'APU' is selected.
19:26:31 INFO  : 'stop' command is executed.
19:26:32 INFO  : 'ps7_init' command is executed.
19:26:32 INFO  : 'ps7_post_config' command is executed.
19:26:33 INFO  : Context for processor 'ps7_cortexa9_0' is selected.
19:26:33 INFO  : Processor reset is completed for 'ps7_cortexa9_0'.
19:26:33 INFO  : Context for processor 'ps7_cortexa9_0' is selected.
19:26:33 INFO  : The application 'C:/Xilinx/Vivado/projects/pl2ps_interrupt_example/pl2ps_interrupt_example.sdk/axi4_pl_interrupt_generator_test/Debug/axi4_pl_interrupt_generator_test.elf' is downloaded to processor 'ps7_cortexa9_0'.
19:26:33 INFO  : 'configparams force-mem-access 0' command is executed.
19:26:33 INFO  : ----------------XSDB Script----------------
connect -url tcp:127.0.0.1:3121
source C:/Xilinx/Vivado/projects/pl2ps_interrupt_example/pl2ps_interrupt_example.sdk/design_1_wrapper_hw_platform_0/ps7_init.tcl
targets -set -nocase -filter {name =~"APU*" && jtag_cable_name =~ "Digilent Zed 210248AA3C5B"} -index 0
loadhw -hw C:/Xilinx/Vivado/projects/pl2ps_interrupt_example/pl2ps_interrupt_example.sdk/design_1_wrapper_hw_platform_0/system.hdf -mem-ranges [list {0x40000000 0xbfffffff}]
configparams force-mem-access 1
targets -set -nocase -filter {name =~"APU*" && jtag_cable_name =~ "Digilent Zed 210248AA3C5B"} -index 0
stop
ps7_init
ps7_post_config
targets -set -nocase -filter {name =~ "ARM*#0" && jtag_cable_name =~ "Digilent Zed 210248AA3C5B"} -index 0
rst -processor
targets -set -nocase -filter {name =~ "ARM*#0" && jtag_cable_name =~ "Digilent Zed 210248AA3C5B"} -index 0
dow C:/Xilinx/Vivado/projects/pl2ps_interrupt_example/pl2ps_interrupt_example.sdk/axi4_pl_interrupt_generator_test/Debug/axi4_pl_interrupt_generator_test.elf
configparams force-mem-access 0
----------------End of Script----------------

19:26:33 INFO  : Context for processor 'ps7_cortexa9_0' is selected.
19:26:33 INFO  : 'con' command is executed.
19:26:33 INFO  : ----------------XSDB Script (After Launch)----------------
targets -set -nocase -filter {name =~ "ARM*#0" && jtag_cable_name =~ "Digilent Zed 210248AA3C5B"} -index 0
con
----------------End of Script----------------

19:26:33 INFO  : Disconnected from the channel tcfchan#5.
20:39:50 INFO  : 'targets -set -filter {jtag_cable_name =~ "Digilent Zed 210248AA3C5B" && level==0} -index 1' command is executed.
20:39:50 INFO  : 'fpga -state' command is executed.
20:39:50 INFO  : Connected to target on host '127.0.0.1' and port '3121'.
20:39:51 INFO  : Jtag cable 'Digilent Zed 210248AA3C5B' is selected.
20:39:51 INFO  : 'jtag frequency' command is executed.
20:39:51 INFO  : Sourcing of 'C:/Xilinx/Vivado/projects/pl2ps_interrupt_example/pl2ps_interrupt_example.sdk/design_1_wrapper_hw_platform_0/ps7_init.tcl' is done.
20:39:51 INFO  : Context for 'APU' is selected.
20:39:51 INFO  : Hardware design information is loaded from 'C:/Xilinx/Vivado/projects/pl2ps_interrupt_example/pl2ps_interrupt_example.sdk/design_1_wrapper_hw_platform_0/system.hdf'.
20:39:51 INFO  : 'configparams force-mem-access 1' command is executed.
20:39:51 INFO  : Context for 'APU' is selected.
20:39:51 INFO  : 'stop' command is executed.
20:39:52 INFO  : 'ps7_init' command is executed.
20:39:52 INFO  : 'ps7_post_config' command is executed.
20:39:52 INFO  : Context for processor 'ps7_cortexa9_0' is selected.
20:39:53 INFO  : Processor reset is completed for 'ps7_cortexa9_0'.
20:39:53 INFO  : Context for processor 'ps7_cortexa9_0' is selected.
20:39:53 INFO  : The application 'C:/Xilinx/Vivado/projects/pl2ps_interrupt_example/pl2ps_interrupt_example.sdk/axi4_pl_interrupt_generator_test/Debug/axi4_pl_interrupt_generator_test.elf' is downloaded to processor 'ps7_cortexa9_0'.
20:39:53 INFO  : 'configparams force-mem-access 0' command is executed.
20:39:53 INFO  : ----------------XSDB Script----------------
connect -url tcp:127.0.0.1:3121
source C:/Xilinx/Vivado/projects/pl2ps_interrupt_example/pl2ps_interrupt_example.sdk/design_1_wrapper_hw_platform_0/ps7_init.tcl
targets -set -nocase -filter {name =~"APU*" && jtag_cable_name =~ "Digilent Zed 210248AA3C5B"} -index 0
loadhw -hw C:/Xilinx/Vivado/projects/pl2ps_interrupt_example/pl2ps_interrupt_example.sdk/design_1_wrapper_hw_platform_0/system.hdf -mem-ranges [list {0x40000000 0xbfffffff}]
configparams force-mem-access 1
targets -set -nocase -filter {name =~"APU*" && jtag_cable_name =~ "Digilent Zed 210248AA3C5B"} -index 0
stop
ps7_init
ps7_post_config
targets -set -nocase -filter {name =~ "ARM*#0" && jtag_cable_name =~ "Digilent Zed 210248AA3C5B"} -index 0
rst -processor
targets -set -nocase -filter {name =~ "ARM*#0" && jtag_cable_name =~ "Digilent Zed 210248AA3C5B"} -index 0
dow C:/Xilinx/Vivado/projects/pl2ps_interrupt_example/pl2ps_interrupt_example.sdk/axi4_pl_interrupt_generator_test/Debug/axi4_pl_interrupt_generator_test.elf
configparams force-mem-access 0
----------------End of Script----------------

20:39:53 INFO  : Context for processor 'ps7_cortexa9_0' is selected.
20:39:53 INFO  : 'con' command is executed.
20:39:53 INFO  : ----------------XSDB Script (After Launch)----------------
targets -set -nocase -filter {name =~ "ARM*#0" && jtag_cable_name =~ "Digilent Zed 210248AA3C5B"} -index 0
con
----------------End of Script----------------

20:39:53 INFO  : Disconnected from the channel tcfchan#6.
00:20:06 INFO  : 'targets -set -filter {jtag_cable_name =~ "Digilent Zed 210248AA3C5B" && level==0} -index 1' command is executed.
00:20:06 INFO  : 'fpga -state' command is executed.
00:20:06 INFO  : Connected to target on host '127.0.0.1' and port '3121'.
00:20:07 INFO  : Jtag cable 'Digilent Zed 210248AA3C5B' is selected.
00:20:07 INFO  : 'jtag frequency' command is executed.
00:20:07 INFO  : Sourcing of 'C:/Xilinx/Vivado/projects/pl2ps_interrupt_example/pl2ps_interrupt_example.sdk/design_1_wrapper_hw_platform_0/ps7_init.tcl' is done.
00:20:07 INFO  : Context for 'APU' is selected.
00:20:07 INFO  : Hardware design information is loaded from 'C:/Xilinx/Vivado/projects/pl2ps_interrupt_example/pl2ps_interrupt_example.sdk/design_1_wrapper_hw_platform_0/system.hdf'.
00:20:07 INFO  : 'configparams force-mem-access 1' command is executed.
00:20:07 INFO  : Context for 'APU' is selected.
00:20:07 INFO  : 'stop' command is executed.
00:20:08 INFO  : 'ps7_init' command is executed.
00:20:08 INFO  : 'ps7_post_config' command is executed.
00:20:09 INFO  : Context for processor 'ps7_cortexa9_0' is selected.
00:20:09 INFO  : Processor reset is completed for 'ps7_cortexa9_0'.
00:20:09 INFO  : Context for processor 'ps7_cortexa9_0' is selected.
00:20:09 INFO  : The application 'C:/Xilinx/Vivado/projects/pl2ps_interrupt_example/pl2ps_interrupt_example.sdk/axi4_pl_interrupt_generator_test/Debug/axi4_pl_interrupt_generator_test.elf' is downloaded to processor 'ps7_cortexa9_0'.
00:20:09 INFO  : 'configparams force-mem-access 0' command is executed.
00:20:09 INFO  : ----------------XSDB Script----------------
connect -url tcp:127.0.0.1:3121
source C:/Xilinx/Vivado/projects/pl2ps_interrupt_example/pl2ps_interrupt_example.sdk/design_1_wrapper_hw_platform_0/ps7_init.tcl
targets -set -nocase -filter {name =~"APU*" && jtag_cable_name =~ "Digilent Zed 210248AA3C5B"} -index 0
loadhw -hw C:/Xilinx/Vivado/projects/pl2ps_interrupt_example/pl2ps_interrupt_example.sdk/design_1_wrapper_hw_platform_0/system.hdf -mem-ranges [list {0x40000000 0xbfffffff}]
configparams force-mem-access 1
targets -set -nocase -filter {name =~"APU*" && jtag_cable_name =~ "Digilent Zed 210248AA3C5B"} -index 0
stop
ps7_init
ps7_post_config
targets -set -nocase -filter {name =~ "ARM*#0" && jtag_cable_name =~ "Digilent Zed 210248AA3C5B"} -index 0
rst -processor
targets -set -nocase -filter {name =~ "ARM*#0" && jtag_cable_name =~ "Digilent Zed 210248AA3C5B"} -index 0
dow C:/Xilinx/Vivado/projects/pl2ps_interrupt_example/pl2ps_interrupt_example.sdk/axi4_pl_interrupt_generator_test/Debug/axi4_pl_interrupt_generator_test.elf
configparams force-mem-access 0
----------------End of Script----------------

00:20:09 INFO  : Context for processor 'ps7_cortexa9_0' is selected.
00:20:09 INFO  : 'con' command is executed.
00:20:09 INFO  : ----------------XSDB Script (After Launch)----------------
targets -set -nocase -filter {name =~ "ARM*#0" && jtag_cable_name =~ "Digilent Zed 210248AA3C5B"} -index 0
con
----------------End of Script----------------

00:20:09 INFO  : Disconnected from the channel tcfchan#7.
00:27:17 INFO  : 'targets -set -filter {jtag_cable_name =~ "Digilent Zed 210248AA3C5B" && level==0} -index 1' command is executed.
00:27:17 INFO  : 'fpga -state' command is executed.
00:27:17 INFO  : Connected to target on host '127.0.0.1' and port '3121'.
00:27:17 INFO  : Jtag cable 'Digilent Zed 210248AA3C5B' is selected.
00:27:17 INFO  : 'jtag frequency' command is executed.
00:27:17 INFO  : Sourcing of 'C:/Xilinx/Vivado/projects/pl2ps_interrupt_example/pl2ps_interrupt_example.sdk/design_1_wrapper_hw_platform_0/ps7_init.tcl' is done.
00:27:17 INFO  : Context for 'APU' is selected.
00:27:17 INFO  : Hardware design information is loaded from 'C:/Xilinx/Vivado/projects/pl2ps_interrupt_example/pl2ps_interrupt_example.sdk/design_1_wrapper_hw_platform_0/system.hdf'.
00:27:17 INFO  : 'configparams force-mem-access 1' command is executed.
00:27:18 INFO  : Context for 'APU' is selected.
00:27:18 INFO  : 'stop' command is executed.
00:27:19 INFO  : 'ps7_init' command is executed.
00:27:19 INFO  : 'ps7_post_config' command is executed.
00:27:19 INFO  : Context for processor 'ps7_cortexa9_0' is selected.
00:27:19 INFO  : Processor reset is completed for 'ps7_cortexa9_0'.
00:27:19 INFO  : Context for processor 'ps7_cortexa9_0' is selected.
00:27:19 INFO  : The application 'C:/Xilinx/Vivado/projects/pl2ps_interrupt_example/pl2ps_interrupt_example.sdk/axi4_pl_interrupt_generator_test/Debug/axi4_pl_interrupt_generator_test.elf' is downloaded to processor 'ps7_cortexa9_0'.
00:27:19 INFO  : 'configparams force-mem-access 0' command is executed.
00:27:19 INFO  : ----------------XSDB Script----------------
connect -url tcp:127.0.0.1:3121
source C:/Xilinx/Vivado/projects/pl2ps_interrupt_example/pl2ps_interrupt_example.sdk/design_1_wrapper_hw_platform_0/ps7_init.tcl
targets -set -nocase -filter {name =~"APU*" && jtag_cable_name =~ "Digilent Zed 210248AA3C5B"} -index 0
loadhw -hw C:/Xilinx/Vivado/projects/pl2ps_interrupt_example/pl2ps_interrupt_example.sdk/design_1_wrapper_hw_platform_0/system.hdf -mem-ranges [list {0x40000000 0xbfffffff}]
configparams force-mem-access 1
targets -set -nocase -filter {name =~"APU*" && jtag_cable_name =~ "Digilent Zed 210248AA3C5B"} -index 0
stop
ps7_init
ps7_post_config
targets -set -nocase -filter {name =~ "ARM*#0" && jtag_cable_name =~ "Digilent Zed 210248AA3C5B"} -index 0
rst -processor
targets -set -nocase -filter {name =~ "ARM*#0" && jtag_cable_name =~ "Digilent Zed 210248AA3C5B"} -index 0
dow C:/Xilinx/Vivado/projects/pl2ps_interrupt_example/pl2ps_interrupt_example.sdk/axi4_pl_interrupt_generator_test/Debug/axi4_pl_interrupt_generator_test.elf
configparams force-mem-access 0
----------------End of Script----------------

00:27:19 INFO  : Context for processor 'ps7_cortexa9_0' is selected.
00:27:19 INFO  : 'con' command is executed.
00:27:19 INFO  : ----------------XSDB Script (After Launch)----------------
targets -set -nocase -filter {name =~ "ARM*#0" && jtag_cable_name =~ "Digilent Zed 210248AA3C5B"} -index 0
con
----------------End of Script----------------

00:27:19 INFO  : Disconnected from the channel tcfchan#8.
00:28:45 INFO  : 'targets -set -filter {jtag_cable_name =~ "Digilent Zed 210248AA3C5B" && level==0} -index 1' command is executed.
00:28:45 INFO  : 'fpga -state' command is executed.
00:28:45 INFO  : Connected to target on host '127.0.0.1' and port '3121'.
00:28:46 INFO  : Jtag cable 'Digilent Zed 210248AA3C5B' is selected.
00:28:46 INFO  : 'jtag frequency' command is executed.
00:28:46 INFO  : Sourcing of 'C:/Xilinx/Vivado/projects/pl2ps_interrupt_example/pl2ps_interrupt_example.sdk/design_1_wrapper_hw_platform_0/ps7_init.tcl' is done.
00:28:46 INFO  : Context for 'APU' is selected.
00:28:46 INFO  : Hardware design information is loaded from 'C:/Xilinx/Vivado/projects/pl2ps_interrupt_example/pl2ps_interrupt_example.sdk/design_1_wrapper_hw_platform_0/system.hdf'.
00:28:46 INFO  : 'configparams force-mem-access 1' command is executed.
00:28:46 INFO  : Context for 'APU' is selected.
00:28:46 INFO  : 'stop' command is executed.
00:28:47 INFO  : 'ps7_init' command is executed.
00:28:47 INFO  : 'ps7_post_config' command is executed.
00:28:47 INFO  : Context for processor 'ps7_cortexa9_0' is selected.
00:28:47 INFO  : Processor reset is completed for 'ps7_cortexa9_0'.
00:28:48 INFO  : Context for processor 'ps7_cortexa9_0' is selected.
00:28:48 INFO  : The application 'C:/Xilinx/Vivado/projects/pl2ps_interrupt_example/pl2ps_interrupt_example.sdk/axi4_pl_interrupt_generator_test/Debug/axi4_pl_interrupt_generator_test.elf' is downloaded to processor 'ps7_cortexa9_0'.
00:28:48 INFO  : 'configparams force-mem-access 0' command is executed.
00:28:48 INFO  : ----------------XSDB Script----------------
connect -url tcp:127.0.0.1:3121
source C:/Xilinx/Vivado/projects/pl2ps_interrupt_example/pl2ps_interrupt_example.sdk/design_1_wrapper_hw_platform_0/ps7_init.tcl
targets -set -nocase -filter {name =~"APU*" && jtag_cable_name =~ "Digilent Zed 210248AA3C5B"} -index 0
loadhw -hw C:/Xilinx/Vivado/projects/pl2ps_interrupt_example/pl2ps_interrupt_example.sdk/design_1_wrapper_hw_platform_0/system.hdf -mem-ranges [list {0x40000000 0xbfffffff}]
configparams force-mem-access 1
targets -set -nocase -filter {name =~"APU*" && jtag_cable_name =~ "Digilent Zed 210248AA3C5B"} -index 0
stop
ps7_init
ps7_post_config
targets -set -nocase -filter {name =~ "ARM*#0" && jtag_cable_name =~ "Digilent Zed 210248AA3C5B"} -index 0
rst -processor
targets -set -nocase -filter {name =~ "ARM*#0" && jtag_cable_name =~ "Digilent Zed 210248AA3C5B"} -index 0
dow C:/Xilinx/Vivado/projects/pl2ps_interrupt_example/pl2ps_interrupt_example.sdk/axi4_pl_interrupt_generator_test/Debug/axi4_pl_interrupt_generator_test.elf
configparams force-mem-access 0
----------------End of Script----------------

00:28:48 INFO  : Context for processor 'ps7_cortexa9_0' is selected.
00:28:48 INFO  : 'con' command is executed.
00:28:48 INFO  : ----------------XSDB Script (After Launch)----------------
targets -set -nocase -filter {name =~ "ARM*#0" && jtag_cable_name =~ "Digilent Zed 210248AA3C5B"} -index 0
con
----------------End of Script----------------

00:28:48 INFO  : Disconnected from the channel tcfchan#9.
00:41:20 INFO  : 'targets -set -filter {jtag_cable_name =~ "Digilent Zed 210248AA3C5B" && level==0} -index 1' command is executed.
00:41:21 INFO  : 'fpga -state' command is executed.
00:41:21 INFO  : Connected to target on host '127.0.0.1' and port '3121'.
00:41:21 INFO  : Jtag cable 'Digilent Zed 210248AA3C5B' is selected.
00:41:21 INFO  : 'jtag frequency' command is executed.
00:41:21 INFO  : Sourcing of 'C:/Xilinx/Vivado/projects/pl2ps_interrupt_example/pl2ps_interrupt_example.sdk/design_1_wrapper_hw_platform_0/ps7_init.tcl' is done.
00:41:21 INFO  : Context for 'APU' is selected.
00:41:21 INFO  : Hardware design information is loaded from 'C:/Xilinx/Vivado/projects/pl2ps_interrupt_example/pl2ps_interrupt_example.sdk/design_1_wrapper_hw_platform_0/system.hdf'.
00:41:21 INFO  : 'configparams force-mem-access 1' command is executed.
00:41:21 INFO  : Context for 'APU' is selected.
00:41:22 INFO  : 'stop' command is executed.
00:41:22 INFO  : 'ps7_init' command is executed.
00:41:22 INFO  : 'ps7_post_config' command is executed.
00:41:22 INFO  : Context for processor 'ps7_cortexa9_0' is selected.
00:41:22 INFO  : Processor reset is completed for 'ps7_cortexa9_0'.
00:41:22 INFO  : Context for processor 'ps7_cortexa9_0' is selected.
00:41:23 INFO  : The application 'C:/Xilinx/Vivado/projects/pl2ps_interrupt_example/pl2ps_interrupt_example.sdk/axi4_pl_interrupt_generator_test/Debug/axi4_pl_interrupt_generator_test.elf' is downloaded to processor 'ps7_cortexa9_0'.
00:41:23 INFO  : 'configparams force-mem-access 0' command is executed.
00:41:23 INFO  : ----------------XSDB Script----------------
connect -url tcp:127.0.0.1:3121
source C:/Xilinx/Vivado/projects/pl2ps_interrupt_example/pl2ps_interrupt_example.sdk/design_1_wrapper_hw_platform_0/ps7_init.tcl
targets -set -nocase -filter {name =~"APU*" && jtag_cable_name =~ "Digilent Zed 210248AA3C5B"} -index 0
loadhw -hw C:/Xilinx/Vivado/projects/pl2ps_interrupt_example/pl2ps_interrupt_example.sdk/design_1_wrapper_hw_platform_0/system.hdf -mem-ranges [list {0x40000000 0xbfffffff}]
configparams force-mem-access 1
targets -set -nocase -filter {name =~"APU*" && jtag_cable_name =~ "Digilent Zed 210248AA3C5B"} -index 0
stop
ps7_init
ps7_post_config
targets -set -nocase -filter {name =~ "ARM*#0" && jtag_cable_name =~ "Digilent Zed 210248AA3C5B"} -index 0
rst -processor
targets -set -nocase -filter {name =~ "ARM*#0" && jtag_cable_name =~ "Digilent Zed 210248AA3C5B"} -index 0
dow C:/Xilinx/Vivado/projects/pl2ps_interrupt_example/pl2ps_interrupt_example.sdk/axi4_pl_interrupt_generator_test/Debug/axi4_pl_interrupt_generator_test.elf
configparams force-mem-access 0
----------------End of Script----------------

00:41:23 INFO  : Context for processor 'ps7_cortexa9_0' is selected.
00:41:23 INFO  : 'con' command is executed.
00:41:23 INFO  : ----------------XSDB Script (After Launch)----------------
targets -set -nocase -filter {name =~ "ARM*#0" && jtag_cable_name =~ "Digilent Zed 210248AA3C5B"} -index 0
con
----------------End of Script----------------

00:41:23 INFO  : Disconnected from the channel tcfchan#10.
